2020-03-27 12:29:46 [main] INFO  by.bsu.Main - 123
2020-03-27 14:15:41 [main] INFO  by.bsu.Main - 123
2020-03-27 14:17:35 [main] INFO  by.bsu.Main - 123
2020-03-27 14:18:07 [main] INFO  by.bsu.Main - 123
2020-03-27 14:19:53 [main] INFO  by.bsu.Main - 123
2020-03-27 14:20:45 [main] INFO  by.bsu.Main - 123
2020-03-27 14:21:05 [main] INFO  by.bsu.Main - 123
2020-03-28 09:02:40 [main] INFO  by.bsu.Main - 123
2020-03-28 09:03:22 [main] INFO  by.bsu.Main - 123
2020-03-28 09:39:55 [main] INFO  by.bsu.Main - 123
2020-03-28 09:40:23 [main] INFO  by.bsu.Main - 123
2020-03-28 13:49:51 [main] INFO  by.bsu.Main - 123
2020-03-28 13:51:03 [main] INFO  by.bsu.Main - 123
2020-03-28 13:51:11 [main] INFO  by.bsu.entities.cargoShip.CargoShip - item added successfully
2020-03-28 13:52:25 [main] INFO  by.bsu.Main - 123
2020-03-28 13:52:32 [main] INFO  by.bsu.entities.cargoShip.CargoShip - item added successfully
2020-03-28 13:53:32 [main] INFO  by.bsu.Main - 123
2020-03-28 13:53:39 [main] INFO  by.bsu.entities.cargoShip.CargoShip - item added successfully
2020-03-28 13:53:58 [main] INFO  by.bsu.Main - 123
2020-03-28 13:54:12 [main] INFO  by.bsu.entities.cargoShip.CargoShip - item added successfully
2020-03-28 13:54:45 [main] INFO  by.bsu.Main - 123
2020-03-28 13:54:54 [main] INFO  by.bsu.entities.cargoShip.CargoShip - item added successfully
2020-03-28 13:55:06 [main] INFO  by.bsu.Main - 123
2020-03-28 13:56:10 [main] INFO  by.bsu.entities.cargoShip.CargoShip - item added successfully
2020-03-28 13:56:45 [main] INFO  by.bsu.Main - 123
2020-03-28 13:57:02 [main] INFO  by.bsu.Main - 123
2020-03-28 13:57:13 [main] INFO  by.bsu.entities.cargoShip.CargoShip - item added successfully
2020-03-28 14:00:21 [main] INFO  by.bsu.Main - 123
2020-03-28 14:00:38 [main] INFO  by.bsu.entities.cargoShip.CargoShip - item added successfully
2020-03-28 14:01:36 [main] INFO  by.bsu.Main - 123
2020-03-28 14:01:54 [main] INFO  by.bsu.entities.cargoShip.CargoShip - item added successfully
2020-03-28 14:02:18 [main] INFO  by.bsu.entities.cargoShip.CargoShip - item added successfully
2020-03-28 14:04:36 [main] INFO  by.bsu.Main - 123
2020-03-28 14:04:50 [main] INFO  by.bsu.entities.cargoShip.CargoShip - item added successfully
2020-03-28 14:05:05 [main] INFO  by.bsu.entities.cargoShip.CargoShip - item added successfully
2020-03-28 14:06:41 [main] INFO  by.bsu.Main - 123
2020-03-28 14:06:50 [main] INFO  by.bsu.entities.cargoShip.CargoShip - item added successfully
2020-03-28 14:08:08 [main] INFO  by.bsu.Main - 123
2020-03-28 14:08:18 [main] INFO  by.bsu.entities.cargoShip.CargoShip - item added successfully
2020-03-28 14:21:10 [main] INFO  by.bsu.Main - 123
2020-03-28 14:21:27 [main] INFO  by.bsu.entities.cargoShip.CargoShip - item added successfully
2020-03-28 14:21:44 [main] INFO  by.bsu.entities.cargoShip.CargoShip - item added successfully
2020-03-28 14:22:00 [main] INFO  by.bsu.entities.cargoShip.CargoShip - item added successfully
2020-03-28 14:22:54 [main] INFO  by.bsu.entities.cargoShip.CargoShip - one object removed successfully
2020-03-28 14:23:58 [main] INFO  by.bsu.Main - 123
2020-03-28 14:24:24 [main] INFO  by.bsu.entities.cargoShip.CargoShip - item added successfully
2020-03-28 14:24:34 [main] INFO  by.bsu.entities.cargoShip.CargoShip - item added successfully
2020-03-28 14:24:43 [main] INFO  by.bsu.entities.cargoShip.CargoShip - all containers removed successfully
2020-03-28 20:20:56 [main] INFO  by.bsu.Main - 123
2020-03-29 01:42:00 [main] INFO  by.bsu.entities.cargoShip.CargoShip - item added successfully
2020-04-11 11:28:56 [main] INFO  by.bsu.entities.cargoShip.CargoShip - item added successfully
2020-04-11 11:29:14 [main] INFO  by.bsu.entities.cargoShip.CargoShip - item added successfully
2020-04-13 15:13:34 [main] INFO  by.bsu.entities.Tanker - completed successfully2300.0 from 230000.0
2020-04-13 15:24:01 [main] INFO  by.bsu.entities.cargoShip.CargoShip - item added successfully
2020-04-18 09:52:53 [main] INFO  by.bsu.entities.cargoShip.CargoShip - item added successfully
2020-04-18 09:53:03 [main] INFO  by.bsu.entities.cargoShip.CargoShip - all containers removed successfully
2020-04-18 11:10:31 [main] INFO  by.bsu.entities.cargoShip.CargoShip - item added successfully
2020-04-18 11:10:49 [main] INFO  by.bsu.entities.cargoShip.CargoShip - item added successfully
2020-04-18 11:12:23 [main] INFO  by.bsu.entities.Tanker - completed successfully40000.0 from 100000.0
