2020-04-14 13:31:48 [main] INFO  by.bsu.dao.Dao - java.io.ObjectInputStream@71def8f8
2020-04-14 13:31:48 [main] INFO  by.bsu.dao.Dao - 2 objects LOADED successfully
2020-04-14 13:31:58 [main] ERROR by.bsu.Main - java.util.InputMismatchException
2020-04-14 13:31:58 [main] INFO  by.bsu.dao.Dao - Passenger{name='fff', passengerID=32} added
2020-04-14 13:35:28 [main] INFO  by.bsu.dao.Dao - java.io.ObjectInputStream@d29f28
2020-04-14 13:35:28 [main] INFO  by.bsu.dao.Dao - 2 objects LOADED successfully
2020-04-14 13:35:28 [main] INFO  by.bsu.dao.Dao - java.io.ObjectInputStream@57d7f8ca
2020-04-14 13:35:28 [main] INFO  by.bsu.dao.Dao - 2 objects LOADED successfully
2020-04-14 13:35:29 [main] INFO  by.bsu.dao.Dao - java.io.ObjectInputStream@71def8f8
2020-04-14 13:35:29 [main] INFO  by.bsu.dao.Dao - 2 objects LOADED successfully
2020-04-14 13:35:36 [main] ERROR by.bsu.Main - Exceptions.NotValidException: not int in id
2020-04-14 13:35:36 [main] INFO  by.bsu.dao.Dao - Passenger{name='ff', passengerID=33112} added
2020-04-14 13:37:35 [main] INFO  by.bsu.dao.Dao - java.io.ObjectInputStream@d29f28
2020-04-14 13:37:35 [main] INFO  by.bsu.dao.Dao - 2 objects LOADED successfully
2020-04-14 13:37:35 [main] INFO  by.bsu.dao.Dao - java.io.ObjectInputStream@57d7f8ca
2020-04-14 13:37:35 [main] INFO  by.bsu.dao.Dao - 2 objects LOADED successfully
2020-04-14 13:38:27 [main] INFO  by.bsu.dao.Dao - java.io.ObjectInputStream@71def8f8
2020-04-14 13:38:27 [main] INFO  by.bsu.dao.Dao - 2 objects LOADED successfully
2020-04-14 13:38:41 [main] ERROR by.bsu.Main - Exceptions.NotValidException: not int in id
2020-04-14 13:43:42 [main] INFO  by.bsu.dao.Dao - java.io.ObjectInputStream@d29f28
2020-04-14 13:43:42 [main] INFO  by.bsu.dao.Dao - 2 objects LOADED successfully
2020-04-14 13:43:42 [main] INFO  by.bsu.dao.Dao - java.io.ObjectInputStream@57d7f8ca
2020-04-14 13:43:42 [main] INFO  by.bsu.dao.Dao - 2 objects LOADED successfully
2020-04-14 13:44:53 [main] INFO  by.bsu.dao.Dao - java.io.ObjectInputStream@71def8f8
2020-04-14 13:44:53 [main] INFO  by.bsu.dao.Dao - 2 objects LOADED successfully
2020-04-14 13:45:04 [main] ERROR by.bsu.Main - Exceptions.NotValidException: not int in id
2020-04-14 13:45:52 [main] INFO  by.bsu.dao.Dao - java.io.ObjectInputStream@156b88f5
2020-04-14 13:45:52 [main] INFO  by.bsu.dao.Dao - 2 objects LOADED successfully
2020-04-14 13:45:52 [main] INFO  by.bsu.dao.Dao - java.io.ObjectInputStream@543588e6
2020-04-14 13:45:52 [main] INFO  by.bsu.dao.Dao - 2 objects LOADED successfully
2020-04-14 13:45:56 [main] INFO  by.bsu.dao.Dao - java.io.ObjectInputStream@bae7dc0
2020-04-14 13:45:56 [main] INFO  by.bsu.dao.Dao - 2 objects LOADED successfully
2020-04-14 13:46:50 [main] INFO  by.bsu.dao.Dao - java.io.ObjectInputStream@156b88f5
2020-04-14 13:46:50 [main] INFO  by.bsu.dao.Dao - 2 objects LOADED successfully
2020-04-14 13:46:50 [main] INFO  by.bsu.dao.Dao - java.io.ObjectInputStream@543588e6
2020-04-14 13:46:50 [main] INFO  by.bsu.dao.Dao - 2 objects LOADED successfully
2020-04-14 13:46:52 [main] INFO  by.bsu.dao.Dao - java.io.ObjectInputStream@bae7dc0
2020-04-14 13:46:52 [main] INFO  by.bsu.dao.Dao - 2 objects LOADED successfully
2020-04-14 13:47:50 [main] ERROR by.bsu.Main - Exceptions.NotValidException: not int in id
2020-04-14 13:50:02 [main] INFO  by.bsu.dao.Dao - java.io.ObjectInputStream@d29f28
2020-04-14 13:50:02 [main] INFO  by.bsu.dao.Dao - 2 objects LOADED successfully
2020-04-14 13:50:02 [main] INFO  by.bsu.dao.Dao - java.io.ObjectInputStream@57d7f8ca
2020-04-14 13:50:02 [main] INFO  by.bsu.dao.Dao - 2 objects LOADED successfully
2020-04-14 13:50:06 [main] INFO  by.bsu.dao.Dao - java.io.ObjectInputStream@71def8f8
2020-04-14 13:50:06 [main] INFO  by.bsu.dao.Dao - 2 objects LOADED successfully
2020-04-14 13:50:09 [main] INFO  by.bsu.dao.Dao - 2 objects SAVED successfully
2020-04-14 13:50:09 [main] INFO  by.bsu.dao.Dao - java.io.ObjectInputStream@74751b3
2020-04-14 13:50:09 [main] INFO  by.bsu.dao.Dao - 2 objects LOADED successfully
2020-04-14 13:50:09 [main] INFO  by.bsu.dao.Dao - java.io.ObjectInputStream@741a8937
2020-04-14 13:50:09 [main] INFO  by.bsu.dao.Dao - 2 objects LOADED successfully
2020-04-14 13:50:10 [main] INFO  by.bsu.dao.Dao - java.io.ObjectInputStream@306e95ec
2020-04-14 13:50:10 [main] INFO  by.bsu.dao.Dao - 2 objects LOADED successfully
2020-04-14 13:50:23 [main] ERROR by.bsu.Main - Exceptions.NotValidException: not int in id
2020-04-14 13:51:21 [main] INFO  by.bsu.dao.Dao - java.io.ObjectInputStream@d29f28
2020-04-14 13:51:21 [main] INFO  by.bsu.dao.Dao - 2 objects LOADED successfully
2020-04-14 13:51:21 [main] INFO  by.bsu.dao.Dao - java.io.ObjectInputStream@57d7f8ca
2020-04-14 13:51:21 [main] INFO  by.bsu.dao.Dao - 2 objects LOADED successfully
2020-04-14 13:51:27 [main] INFO  by.bsu.dao.Dao - java.io.ObjectInputStream@71def8f8
2020-04-14 13:51:27 [main] INFO  by.bsu.dao.Dao - 2 objects LOADED successfully
2020-04-14 13:51:34 [main] ERROR by.bsu.Main - Exceptions.NotValidException: not int in id
2020-04-14 13:51:59 [main] INFO  by.bsu.dao.Dao - java.io.ObjectInputStream@d29f28
2020-04-14 13:51:59 [main] INFO  by.bsu.dao.Dao - 2 objects LOADED successfully
2020-04-14 13:51:59 [main] INFO  by.bsu.dao.Dao - java.io.ObjectInputStream@57d7f8ca
2020-04-14 13:51:59 [main] INFO  by.bsu.dao.Dao - 2 objects LOADED successfully
2020-04-14 13:52:03 [main] INFO  by.bsu.dao.Dao - java.io.ObjectInputStream@71def8f8
2020-04-14 13:52:03 [main] INFO  by.bsu.dao.Dao - 2 objects LOADED successfully
2020-04-14 13:53:20 [main] INFO  by.bsu.dao.Dao - java.io.ObjectInputStream@156b88f5
2020-04-14 13:53:20 [main] INFO  by.bsu.dao.Dao - 2 objects LOADED successfully
2020-04-14 13:53:20 [main] INFO  by.bsu.dao.Dao - java.io.ObjectInputStream@543588e6
2020-04-14 13:53:20 [main] INFO  by.bsu.dao.Dao - 2 objects LOADED successfully
2020-04-14 13:53:26 [main] INFO  by.bsu.dao.Dao - java.io.ObjectInputStream@bae7dc0
2020-04-14 13:53:26 [main] INFO  by.bsu.dao.Dao - 2 objects LOADED successfully
2020-04-14 13:54:28 [main] INFO  by.bsu.dao.Dao - java.io.ObjectInputStream@16610890
2020-04-14 13:54:28 [main] INFO  by.bsu.dao.Dao - 2 objects LOADED successfully
2020-04-14 13:54:28 [main] INFO  by.bsu.dao.Dao - java.io.ObjectInputStream@4fb3ee4e
2020-04-14 13:54:28 [main] INFO  by.bsu.dao.Dao - 2 objects LOADED successfully
2020-04-14 13:54:31 [main] INFO  by.bsu.dao.Dao - java.io.ObjectInputStream@e15b7e8
2020-04-14 13:54:31 [main] INFO  by.bsu.dao.Dao - 2 objects LOADED successfully
2020-04-14 13:56:49 [main] INFO  by.bsu.dao.Dao - java.io.ObjectInputStream@156b88f5
2020-04-14 13:56:49 [main] INFO  by.bsu.dao.Dao - 2 objects LOADED successfully
2020-04-14 13:56:49 [main] INFO  by.bsu.dao.Dao - java.io.ObjectInputStream@543588e6
2020-04-14 13:56:49 [main] INFO  by.bsu.dao.Dao - 2 objects LOADED successfully
2020-04-14 13:56:52 [main] INFO  by.bsu.dao.Dao - java.io.ObjectInputStream@bae7dc0
2020-04-14 13:56:52 [main] INFO  by.bsu.dao.Dao - 2 objects LOADED successfully
2020-04-14 13:58:08 [main] INFO  by.bsu.dao.Dao - java.io.ObjectInputStream@156b88f5
2020-04-14 13:58:08 [main] INFO  by.bsu.dao.Dao - 2 objects LOADED successfully
2020-04-14 13:58:08 [main] INFO  by.bsu.dao.Dao - java.io.ObjectInputStream@543588e6
2020-04-14 13:58:08 [main] INFO  by.bsu.dao.Dao - 2 objects LOADED successfully
2020-04-14 13:58:27 [main] INFO  by.bsu.dao.Dao - java.io.ObjectInputStream@bae7dc0
2020-04-14 13:58:27 [main] INFO  by.bsu.dao.Dao - 2 objects LOADED successfully
2020-04-14 13:59:08 [main] ERROR by.bsu.Main - Exceptions.NotValidException: not int in id
2020-04-14 14:01:16 [main] INFO  by.bsu.dao.Dao - java.io.ObjectInputStream@d29f28
2020-04-14 14:01:16 [main] INFO  by.bsu.dao.Dao - 2 objects LOADED successfully
2020-04-14 14:01:16 [main] INFO  by.bsu.dao.Dao - java.io.ObjectInputStream@57d7f8ca
2020-04-14 14:01:16 [main] INFO  by.bsu.dao.Dao - 2 objects LOADED successfully
2020-04-14 14:01:19 [main] INFO  by.bsu.dao.Dao - java.io.ObjectInputStream@71def8f8
2020-04-14 14:01:19 [main] INFO  by.bsu.dao.Dao - 2 objects LOADED successfully
2020-04-14 14:01:27 [main] ERROR by.bsu.Main - Exceptions.NotValidException: not int in id
2020-04-14 14:01:40 [main] ERROR by.bsu.Main - Exceptions.NotValidException: not int in weight
2020-04-14 14:01:43 [main] INFO  by.bsu.dao.Dao - Passenger{name='dima', passengerID=32} added
2020-04-14 14:01:45 [main] INFO  by.bsu.dao.Dao - 3 objects SAVED successfully
2020-04-14 14:01:45 [main] INFO  by.bsu.dao.Dao - java.io.ObjectInputStream@a530d0a
2020-04-14 14:01:45 [main] INFO  by.bsu.dao.Dao - 3 objects LOADED successfully
2020-04-14 14:01:45 [main] INFO  by.bsu.dao.Dao - java.io.ObjectInputStream@7e7be63f
2020-04-14 14:01:45 [main] INFO  by.bsu.dao.Dao - 2 objects LOADED successfully
2020-04-14 15:31:04 [main] INFO  by.bsu.dao.Dao - java.io.ObjectInputStream@d29f28
2020-04-14 15:31:04 [main] INFO  by.bsu.dao.Dao - 3 objects LOADED successfully
2020-04-14 15:31:04 [main] INFO  by.bsu.dao.Dao - java.io.ObjectInputStream@57d7f8ca
2020-04-14 15:31:04 [main] INFO  by.bsu.dao.Dao - 2 objects LOADED successfully
2020-04-14 15:31:08 [main] INFO  by.bsu.dao.Dao - java.io.ObjectInputStream@71def8f8
2020-04-14 15:31:08 [main] INFO  by.bsu.dao.Dao - 2 objects LOADED successfully
2020-04-14 15:31:14 [main] INFO  by.bsu.dao.Dao - java.io.ObjectInputStream@53fdffa1
2020-04-14 15:31:14 [main] INFO  by.bsu.dao.Dao - 3 objects LOADED successfully
2020-04-14 15:32:08 [main] INFO  by.bsu.dao.Dao - java.io.ObjectInputStream@d29f28
2020-04-14 15:32:08 [main] INFO  by.bsu.dao.Dao - 3 objects LOADED successfully
2020-04-14 15:32:08 [main] INFO  by.bsu.dao.Dao - java.io.ObjectInputStream@57d7f8ca
2020-04-14 15:32:08 [main] INFO  by.bsu.dao.Dao - 2 objects LOADED successfully
2020-04-14 15:32:10 [main] INFO  by.bsu.dao.Dao - java.io.ObjectInputStream@71def8f8
2020-04-14 15:32:10 [main] INFO  by.bsu.dao.Dao - 2 objects LOADED successfully
2020-04-14 15:32:11 [main] INFO  by.bsu.dao.Dao - java.io.ObjectInputStream@53fdffa1
2020-04-14 15:32:11 [main] INFO  by.bsu.dao.Dao - 3 objects LOADED successfully
2020-04-14 15:32:49 [main] ERROR by.bsu.Main - Exceptions.NotValidException: not int
2020-04-14 15:32:49 [main] INFO  by.bsu.dao.Dao - Train №: 683f3db6-a8cd-49eb-80f4-4f4ed2187543
Traction: Locomotive[speed=0, engine=null]
Number of waggons: 0
Waggons: [] added
