2020-03-03 11:37:47 [main] INFO  by.bsu.Main - 124
2020-03-04 19:35:31 [main] INFO  by.bsu.Main - 124
2020-03-05 10:09:12 [main] INFO  by.bsu.Main - ComplexPoint[x=0, y=0]
2020-03-05 10:10:25 [main] INFO  by.bsu.Main - ComplexPoint[x=3, y=-4]
2020-03-05 10:12:49 [main] INFO  by.bsu.Main - 5.0
2020-03-05 10:15:05 [main] INFO  by.bsu.Main - 10.295630140987
2020-03-07 01:37:53 [main] INFO  by.bsu.Main - 10.295630140987
2020-03-07 09:04:27 [main] INFO  by.bsu.Main - 10.295630140987
2020-03-07 09:04:27 [main] INFO  by.bsu.Main - ComplexPoint[3 i-4]
2020-03-07 09:04:52 [main] INFO  by.bsu.Main - 10.295630140987
2020-03-07 09:04:52 [main] INFO  by.bsu.Main - ComplexPoint[3+i-4]
2020-03-07 09:05:28 [main] INFO  by.bsu.Main - 10.295630140987
2020-03-07 09:05:28 [main] INFO  by.bsu.Main - ComplexPoint[-1i]
2020-03-07 09:05:50 [main] INFO  by.bsu.Main - 10.295630140987
2020-03-07 09:05:50 [main] INFO  by.bsu.Main - ComplexPoint[3-4i]
2020-03-07 09:08:04 [main] INFO  by.bsu.Main - ComplexPoint[-25i]
2020-03-07 09:08:04 [main] INFO  by.bsu.Main - 10.295630140987
2020-03-07 09:08:26 [main] INFO  by.bsu.Main - ComplexPoint[3-4i]
2020-03-07 09:08:26 [main] INFO  by.bsu.Main - 10.295630140987
2020-03-07 09:13:10 [main] INFO  by.bsu.Main - ComplexPoint[-25i]
2020-03-07 09:13:10 [main] INFO  by.bsu.Main - 10.295630140987
2020-03-07 09:13:33 [main] INFO  by.bsu.Main - ComplexPoint[-2+5i]
2020-03-07 09:13:33 [main] INFO  by.bsu.Main - 10.295630140987
2020-03-07 09:13:49 [main] INFO  by.bsu.Main - ComplexPoint[3-4i]
2020-03-07 09:13:49 [main] INFO  by.bsu.Main - 10.295630140987
2020-03-07 09:15:13 [main] INFO  by.bsu.Main - ComplexPoint[3-4i]
2020-03-07 09:15:13 [main] INFO  by.bsu.Main - 5.0
2020-03-07 09:15:13 [main] INFO  by.bsu.Main - 5.0
2020-03-07 09:15:13 [main] INFO  by.bsu.Main - 10.295630140987
2020-03-07 09:15:57 [main] INFO  by.bsu.Main - ComplexPoint[3-4i]
2020-03-07 09:15:57 [main] INFO  by.bsu.Main - ComplexPoint[-2+5i]
2020-03-07 09:15:57 [main] INFO  by.bsu.Main - ComplexPoint[00i]
2020-03-07 09:15:57 [main] INFO  by.bsu.Main - 5.0
2020-03-07 09:15:57 [main] INFO  by.bsu.Main - 5.0
2020-03-07 09:15:57 [main] INFO  by.bsu.Main - 10.295630140987
2020-03-07 09:16:17 [main] INFO  by.bsu.Main - ComplexPoint[3-4i]
2020-03-07 09:16:17 [main] INFO  by.bsu.Main - ComplexPoint[-2+5i]
2020-03-07 09:16:17 [main] INFO  by.bsu.Main - 5.0
2020-03-07 09:16:17 [main] INFO  by.bsu.Main - 5.0
2020-03-07 09:16:17 [main] INFO  by.bsu.Main - 10.295630140987
2020-03-07 09:16:49 [main] INFO  by.bsu.Main - ComplexPoint[3-4i]
2020-03-07 09:16:49 [main] INFO  by.bsu.Main - ComplexPoint[-2+5i]
2020-03-07 09:16:49 [main] INFO  by.bsu.Main - 5.0
2020-03-07 09:16:49 [main] INFO  by.bsu.Main - 10.295630140987
2020-05-29 12:30:04 [main] INFO  by.bsu.Main - ComplexPoint[3-4i]
2020-05-29 12:30:04 [main] INFO  by.bsu.Main - ComplexPoint[-2+5i]
2020-05-29 12:30:04 [main] INFO  by.bsu.Main - 5.0
2020-05-29 12:30:04 [main] INFO  by.bsu.Main - 10.295630140987
