2020-03-12 18:49:31 [main] INFO  by.bsu.Main - Polygon[square=[Point[x=1.0, y=1.0, color=black], Point[x=1.0, y=2.0, color=black], Point[x=2.0, y=2.0, color=black], Point[x=2.0, y=1.0, color=black]], color=black]
2020-03-12 18:49:31 [main] INFO  by.bsu.Main - Polygon[square=[Point[x=1.0, y=1.0, color=black], Point[x=1.0, y=4.0, color=black], Point[x=4.0, y=4.0, color=black], Point[x=4.0, y=1.0, color=black]], color=black]
2020-03-12 18:50:57 [main] INFO  by.bsu.Main - Line[xStart=1.0, yStart=2.0, xEnd=3.0, yEnd=3.0, length=2.23606797749979, color='black']
2020-03-12 18:50:57 [main] INFO  by.bsu.Main - Line[xStart=1.0, yStart=2.0, xEnd=3.2, yEnd=3.1000000000000005, length=2.459674775249769, color='black']
2020-03-12 18:50:57 [main] INFO  by.bsu.Main - Polygon[square=[Point[x=1.0, y=1.0, color=black], Point[x=1.0, y=2.0, color=black], Point[x=2.0, y=2.0, color=black], Point[x=2.0, y=1.0, color=black]], color=black]
2020-03-12 18:50:57 [main] INFO  by.bsu.Main - Polygon[square=[Point[x=1.0, y=1.0, color=black], Point[x=1.0, y=4.0, color=black], Point[x=4.0, y=4.0, color=black], Point[x=4.0, y=1.0, color=black]], color=black]
2020-03-12 18:51:07 [main] INFO  by.bsu.Main - Line[xStart=1.0, yStart=2.0, xEnd=3.0, yEnd=3.0, length=2.23606797749979, color='black']
2020-03-12 18:51:07 [main] INFO  by.bsu.Main - Line[xStart=1.0, yStart=2.0, xEnd=5.0, yEnd=4.000000000000001, length=4.47213595499958, color='black']
2020-03-12 18:51:07 [main] INFO  by.bsu.Main - Polygon[square=[Point[x=1.0, y=1.0, color=black], Point[x=1.0, y=2.0, color=black], Point[x=2.0, y=2.0, color=black], Point[x=2.0, y=1.0, color=black]], color=black]
2020-03-12 18:51:07 [main] INFO  by.bsu.Main - Polygon[square=[Point[x=1.0, y=1.0, color=black], Point[x=1.0, y=4.0, color=black], Point[x=4.0, y=4.0, color=black], Point[x=4.0, y=1.0, color=black]], color=black]
2020-03-12 18:52:13 [main] INFO  by.bsu.Main - Line[xStart=1.0, yStart=2.0, xEnd=3.0, yEnd=4.0, length=2.8284271247461903, color='black']
2020-03-12 18:52:13 [main] INFO  by.bsu.Main - Line[xStart=1.0, yStart=2.0, xEnd=5.0, yEnd=6.000000000000001, length=5.656854249492381, color='black']
2020-03-12 18:52:13 [main] INFO  by.bsu.Main - Polygon[square=[Point[x=1.0, y=1.0, color=black], Point[x=1.0, y=2.0, color=black], Point[x=2.0, y=2.0, color=black], Point[x=2.0, y=1.0, color=black]], color=black]
2020-03-12 18:52:13 [main] INFO  by.bsu.Main - Polygon[square=[Point[x=1.0, y=1.0, color=black], Point[x=1.0, y=4.0, color=black], Point[x=4.0, y=4.0, color=black], Point[x=4.0, y=1.0, color=black]], color=black]
2020-03-12 18:54:11 [main] INFO  by.bsu.Main - Line[xStart=1.0, yStart=2.0, xEnd=2.0, yEnd=4.0, length=2.23606797749979, color='black']
2020-03-12 18:54:11 [main] INFO  by.bsu.Main - Line[xStart=1.0, yStart=2.0, xEnd=3.0, yEnd=6.0, length=4.47213595499958, color='black']
2020-03-12 18:54:11 [main] INFO  by.bsu.Main - Polygon[square=[Point[x=1.0, y=1.0, color=black], Point[x=1.0, y=2.0, color=black], Point[x=2.0, y=2.0, color=black], Point[x=2.0, y=1.0, color=black]], color=black]
2020-03-12 18:54:11 [main] INFO  by.bsu.Main - Polygon[square=[Point[x=1.0, y=1.0, color=black], Point[x=1.0, y=4.0, color=black], Point[x=4.0, y=4.0, color=black], Point[x=4.0, y=1.0, color=black]], color=black]
2020-03-12 19:14:48 [main] INFO  by.bsu.Main - Line[xStart=1.0, yStart=2.0, xEnd=2.0, yEnd=4.0, length=2.23606797749979, color='black']
2020-03-12 19:14:48 [main] INFO  by.bsu.Main - Line[xStart=1.0, yStart=2.0, xEnd=3.0, yEnd=6.0, length=4.47213595499958, color='black']
2020-03-12 19:14:48 [main] INFO  by.bsu.Main - Polygon[square=[Point[x=1.0, y=1.0, color=black], Point[x=1.0, y=2.0, color=black], Point[x=2.0, y=2.0, color=black], Point[x=2.0, y=1.0, color=black]], color=black]
2020-03-12 19:14:48 [main] INFO  by.bsu.Main - Polygon[square=[Point[x=1.0, y=1.0, color=black], Point[x=1.0, y=4.0, color=black], Point[x=4.0, y=4.0, color=black], Point[x=4.0, y=1.0, color=black]], color=black]
2020-03-12 19:14:48 [main] INFO  by.bsu.Main - Line[xStart=1.0, yStart=2.0, xEnd=-0.26794919243112236, yEnd=3.3301270189221936, length=1.8376433389136144, color='black']
2020-03-12 19:28:15 [main] INFO  by.bsu.Main - Line[xStart=1.0, yStart=2.0, xEnd=2.0, yEnd=4.0, length=2.23606797749979, color='black']
2020-03-12 19:28:15 [main] INFO  by.bsu.Main - Line[xStart=1.0, yStart=2.0, xEnd=3.0, yEnd=6.0, length=4.47213595499958, color='black']
2020-03-12 19:28:15 [main] INFO  by.bsu.Main - Polygon[square=[Point[x=1.0, y=1.0, color=black], Point[x=1.0, y=2.0, color=black], Point[x=2.0, y=2.0, color=black], Point[x=2.0, y=1.0, color=black]], color=black]
2020-03-12 19:28:15 [main] INFO  by.bsu.Main - Polygon[square=[Point[x=1.0, y=1.0, color=black], Point[x=1.0, y=4.0, color=black], Point[x=4.0, y=4.0, color=black], Point[x=4.0, y=1.0, color=black]], color=black]
2020-03-12 19:28:15 [main] INFO  by.bsu.Main - Line[xStart=-0.13397459621556118, yStart=-0.13397459621556118, xEnd=-0.26794919243112236, yEnd=-0.26794919243112236, length=0.18946869098150576, color='black']
2020-03-12 19:28:51 [main] INFO  by.bsu.Main - Line[xStart=1.0, yStart=2.0, xEnd=2.0, yEnd=4.0, length=2.23606797749979, color='black']
2020-03-12 19:28:51 [main] INFO  by.bsu.Main - Line[xStart=1.0, yStart=2.0, xEnd=3.0, yEnd=6.0, length=4.47213595499958, color='black']
2020-03-12 19:28:51 [main] INFO  by.bsu.Main - Polygon[square=[Point[x=1.0, y=1.0, color=black], Point[x=1.0, y=2.0, color=black], Point[x=2.0, y=2.0, color=black], Point[x=2.0, y=1.0, color=black]], color=black]
2020-03-12 19:28:51 [main] INFO  by.bsu.Main - Polygon[square=[Point[x=1.0, y=1.0, color=black], Point[x=1.0, y=4.0, color=black], Point[x=4.0, y=4.0, color=black], Point[x=4.0, y=1.0, color=black]], color=black]
2020-03-12 19:28:51 [main] INFO  by.bsu.Main - Line[xStart=-0.13397459621556118, yStart=2.232050807568877, xEnd=-0.26794919243112236, yEnd=4.464101615137754, length=2.2360679774997894, color='black']
2020-03-12 19:51:10 [main] INFO  by.bsu.Main - Line[xStart=1.0, yStart=2.0, xEnd=2.0, yEnd=4.0, length=2.23606797749979, color='black']
2020-03-12 19:51:10 [main] INFO  by.bsu.Main - Line[xStart=1.0, yStart=2.0, xEnd=3.0, yEnd=6.0, length=4.47213595499958, color='black']
2020-03-12 19:51:10 [main] INFO  by.bsu.Main - Polygon[square=[Point[x=1.0, y=1.0, color=black], Point[x=1.0, y=2.0, color=black], Point[x=2.0, y=2.0, color=black], Point[x=2.0, y=1.0, color=black]], color=black]
2020-03-12 19:51:10 [main] INFO  by.bsu.Main - Polygon[square=[Point[x=1.0, y=1.0, color=black], Point[x=1.0, y=4.0, color=black], Point[x=4.0, y=4.0, color=black], Point[x=4.0, y=1.0, color=black]], color=black]
2020-03-12 19:51:10 [main] INFO  by.bsu.Main - Line[xStart=-0.13397459621556118, yStart=2.232050807568877, xEnd=-0.26794919243112236, yEnd=4.464101615137754, length=2.2360679774997894, color='black']
2020-03-12 19:51:10 [main] INFO  by.bsu.Main - Polygon[square=[Point[x=0.36602540378443876, y=1.0, color=black], Point[x=-0.13397459621556118, y=2.0, color=black], Point[x=0.7320508075688775, y=2.0, color=black], Point[x=1.2320508075688774, y=1.0, color=black]], color=black]
2020-03-12 19:56:39 [main] INFO  by.bsu.Main - Line[xStart=1.0, yStart=2.0, xEnd=2.0, yEnd=4.0, length=2.23606797749979, color='black']
2020-03-12 19:56:39 [main] INFO  by.bsu.Main - Line[xStart=1.0, yStart=2.0, xEnd=3.0, yEnd=6.0, length=4.47213595499958, color='black']
2020-03-12 19:56:39 [main] INFO  by.bsu.Main - Polygon[square=[Point[x=1.0, y=1.0, color=black], Point[x=1.0, y=2.0, color=black], Point[x=2.0, y=2.0, color=black], Point[x=2.0, y=1.0, color=black]], color=black]
2020-03-12 19:56:39 [main] INFO  by.bsu.Main - Polygon[square=[Point[x=1.0, y=1.0, color=black], Point[x=1.0, y=4.0, color=black], Point[x=4.0, y=4.0, color=black], Point[x=4.0, y=1.0, color=black]], color=black]
2020-03-12 19:56:39 [main] INFO  by.bsu.Main - Line[xStart=-0.13397459621556118, yStart=2.232050807568877, xEnd=-0.26794919243112236, yEnd=4.464101615137754, length=2.2360679774997894, color='black']
2020-03-12 19:56:39 [main] INFO  by.bsu.Main - Polygon[square=[Point[x=0.36602540378443876, y=1.049038105676658, color=black], Point[x=-0.13397459621556118, y=1.6650635094610968, color=black], Point[x=0.7320508075688775, y=2.098076211353316, color=black], Point[x=1.2320508075688774, y=1.4820508075688772, color=black]], color=black]
2020-04-13 18:42:59 [main] INFO  by.bsu.Main - Line[xStart=1.0, yStart=2.0, xEnd=3.0, yEnd=4.0, length=2.8284271247461903, color='black']
2020-04-13 18:42:59 [main] INFO  by.bsu.Main - Line[xStart=1.0, yStart=2.0, xEnd=5.0, yEnd=6.000000000000001, length=5.656854249492381, color='black']
2020-04-13 18:42:59 [main] INFO  by.bsu.Main - Polygon[square=[Point[x=0.0, y=0.0, color=black], Point[x=0.0, y=0.0, color=black], Point[x=0.0, y=0.0, color=black], Point[x=0.0, y=0.0, color=black]], color=black]
2020-04-13 18:42:59 [main] INFO  by.bsu.Main - Polygon[square=[Point[x=0.0, y=0.0, color=black], Point[x=0.0, y=0.0, color=black], Point[x=0.0, y=0.0, color=black], Point[x=0.0, y=0.0, color=black]], color=black]
2020-04-13 18:42:59 [main] INFO  by.bsu.Main - Line[xStart=-0.13397459621556118, yStart=2.232050807568877, xEnd=0.5980762113533162, yEnd=4.964101615137754, length=2.8284271247461903, color='black']
2020-04-13 18:42:59 [main] INFO  by.bsu.Main - Polygon[square=[Point[x=0.0, y=0.0, color=black], Point[x=0.0, y=0.0, color=black], Point[x=0.0, y=0.0, color=black], Point[x=0.0, y=0.0, color=black]], color=black]
2020-04-13 19:50:14 [main] ERROR by.bsu.dao.Dao - java.io.EOFException
2020-04-13 19:50:33 [main] INFO  by.bsu.managers.PointManager - file now is empty
2020-04-13 19:51:36 [main] ERROR by.bsu.dao.Dao - java.io.EOFException
2020-04-13 19:51:36 [main] INFO  by.bsu.managers.PointManager - file now is empty
2020-04-13 19:52:02 [main] ERROR by.bsu.dao.Dao - java.io.NotSerializableException: by.bsu.figure.Point
2020-04-13 19:52:07 [main] ERROR by.bsu.dao.Dao - java.io.NotSerializableException: by.bsu.figure.Point
2020-04-13 19:52:22 [main] INFO  by.bsu.dao.Dao - java.io.ObjectInputStream@d29f28
2020-04-13 19:52:22 [main] ERROR by.bsu.dao.Dao - java.io.WriteAbortedException: writing aborted; java.io.NotSerializableException: by.bsu.figure.Point
2020-04-13 19:52:22 [main] INFO  by.bsu.managers.PointManager - file now is empty
